C:\Users\Josh\Desktop\fourth copy\Debug\kernel.cu.cache
C:\Users\Josh\Desktop\fourth copy\Debug\kernel.cu.obj
C:\Users\Josh\Desktop\fourth copy\Debug\link.980.read.1.tlog
C:\Users\Josh\Desktop\fourth copy\Debug\link.980.write.1.tlog
C:\Users\Josh\Desktop\fourth copy\Debug\link.980-cvtres.read.1.tlog
C:\Users\Josh\Desktop\fourth copy\Debug\link.980-cvtres.write.1.tlog
C:\Users\Josh\Desktop\fourth copy\Debug\link.command.1.tlog
C:\Users\Josh\Desktop\fourth copy\Debug\link.read.1.tlog
C:\Users\Josh\Desktop\fourth copy\Debug\link.write.1.tlog
C:\Users\Josh\Desktop\fourth copy\Debug\link-cvtres.read.1.tlog
C:\Users\Josh\Desktop\fourth copy\Debug\link-cvtres.write.1.tlog
C:\Users\Josh\Desktop\fourth copy\Debug\mt.command.1.tlog
C:\Users\Josh\Desktop\fourth copy\Debug\mt.read.1.tlog
C:\Users\Josh\Desktop\fourth copy\Debug\mt.write.1.tlog
C:\Users\Josh\Desktop\fourth copy\Debug\rc.command.1.tlog
C:\Users\Josh\Desktop\fourth copy\Debug\rc.read.1.tlog
C:\Users\Josh\Desktop\fourth copy\Debug\rc.write.1.tlog
C:\USERS\JOSH\DESKTOP\FOURTH COPY\DEBUG\SUMMER_PROJECT2.EXE
C:\USERS\JOSH\DESKTOP\FOURTH COPY\DEBUG\SUMMER_PROJECT2.EXE.EMBED.MANIFEST
C:\USERS\JOSH\DESKTOP\FOURTH COPY\DEBUG\SUMMER_PROJECT2.EXE.EMBED.MANIFEST.RES
C:\USERS\JOSH\DESKTOP\FOURTH COPY\DEBUG\SUMMER_PROJECT2.EXE.INTERMEDIATE.MANIFEST
C:\USERS\JOSH\DESKTOP\FOURTH COPY\DEBUG\SUMMER_PROJECT2.ILK
C:\USERS\JOSH\DESKTOP\FOURTH COPY\DEBUG\SUMMER_PROJECT2.PDB
C:\Users\Josh\Desktop\fourth copy\Debug\summer_project2_manifest.rc
