Build started 24/08/2012 12:55:31.
     1>Project "C:\Users\Josh\Desktop\fourth copy\summer_project2.vcxproj" on node 2 (rebuild target(s)).
     1>_PrepareForClean:
         Deleting file "Debug\summer_project2.lastbuildstate".
       CudaClean:
         cmd.exe /C "C:\Users\Josh\AppData\Local\Temp\5df4889b5a3740bdaa1d7165f4ce4568.cmd"
         "C:\Program Files\NVIDIA GPU Computing Toolkit\CUDA\v4.1\bin\nvcc.exe" -ccbin "C:\Program Files (x86)\Microsoft Visual Studio 10.0\VC\bin"  -I"C:\Program Files\NVIDIA GPU Computing Toolkit\CUDA\v4.1\include"  -G0  --keep-dir "Debug" -maxrregcount=0  --machine 32 --compile  -g    -Xcompiler "/EHsc /nologo /Od /Zi  /MDd " -o "Debug\kernel.cu.obj" "C:\Users\Josh\Desktop\fourth copy\kernel.cu" -clean
         
         C:\Users\Josh\Desktop\fourth copy>"C:\Program Files\NVIDIA GPU Computing Toolkit\CUDA\v4.1\bin\nvcc.exe" -ccbin "C:\Program Files (x86)\Microsoft Visual Studio 10.0\VC\bin"  -I"C:\Program Files\NVIDIA GPU Computing Toolkit\CUDA\v4.1\include"  -G0  --keep-dir "Debug" -maxrregcount=0  --machine 32 --compile  -g    -Xcompiler "/EHsc /nologo /Od /Zi  /MDd " -o "Debug\kernel.cu.obj" "C:\Users\Josh\Desktop\fourth copy\kernel.cu" -clean 
         Deleting file "Debug\kernel.cu.deps".
       InitializeBuildStatus:
         Creating "Debug\summer_project2.unsuccessfulbuild" because "AlwaysCreate" was specified.
       AddCudaCompileDeps:
         C:\Program Files (x86)\Microsoft Visual Studio 10.0\VC\bin\cl.exe /E /nologo /showIncludes /TP /D__CUDACC__ /I"C:\Program Files\NVIDIA GPU Computing Toolkit\CUDA\v4.1\bin" /I"C:\Program Files\NVIDIA GPU Computing Toolkit\CUDA\v4.1\include" /I. /FIcuda_runtime.h /c "C:\Users\Josh\Desktop\fourth copy\kernel.cu" 
       AddCudaCompilePropsDeps:
         Found "CudaToolkitCustomDir".
         Found "AdditionalDeps".
         Found "CompileOut".
         Found "Include".
         Found "Keep".
         Found "KeepDir".
         Found "NvccCompilation".
         Found "NvccPath".
         Found "RequiredIncludes".
         Found "TargetMachinePlatform".
         Found "CInterleavedPTX".
         Found "CodeGeneration".
         Found "GPUDebugInfo".
         Found "MaxRegCount".
         Found "PtxAsOptionV".
         Found "Defines".
         Found "Emulation".
         Found "HostDebugInfo".
         Found "FastMath".
         Found "Optimization".
         Found "Runtime".
         Found "RuntimeChecks".
         Found "TypeInfo".
         Found "Warning".
         Found "AdditionalOptions".
         Found "CommandLineTemplate".
       CudaBuild:
         Compiling CUDA source file kernel.cu...
         cmd.exe /C "C:\Users\Josh\AppData\Local\Temp\bc3e6125d73d42568b831d3b67c183b3.cmd"
         "C:\Program Files\NVIDIA GPU Computing Toolkit\CUDA\v4.1\bin\nvcc.exe" -gencode=arch=compute_20,code=\"sm_20,compute_20\" --use-local-env --cl-version 2010 -ccbin "C:\Program Files (x86)\Microsoft Visual Studio 10.0\VC\bin"  -I"C:\Program Files\NVIDIA GPU Computing Toolkit\CUDA\v4.1\include"  -G0  --keep-dir "Debug" -maxrregcount=0  --machine 32 --compile  -g    -Xcompiler "/EHsc /nologo /Od /Zi  /MDd " -o "Debug\kernel.cu.obj" "C:\Users\Josh\Desktop\fourth copy\kernel.cu"
         
         C:\Users\Josh\Desktop\fourth copy>"C:\Program Files\NVIDIA GPU Computing Toolkit\CUDA\v4.1\bin\nvcc.exe" -gencode=arch=compute_20,code=\"sm_20,compute_20\" --use-local-env --cl-version 2010 -ccbin "C:\Program Files (x86)\Microsoft Visual Studio 10.0\VC\bin"  -I"C:\Program Files\NVIDIA GPU Computing Toolkit\CUDA\v4.1\include"  -G0  --keep-dir "Debug" -maxrregcount=0  --machine 32 --compile  -g    -Xcompiler "/EHsc /nologo /Od /Zi  /MDd " -o "Debug\kernel.cu.obj" "C:\Users\Josh\Desktop\fourth copy\kernel.cu" 
         kernel.cu
         tmpxft_000004d0_00000000-0_kernel.cudafe1.gpu
         tmpxft_000004d0_00000000-5_kernel.cudafe2.gpu
         kernel.cu
         tmpxft_000004d0_00000000-0_kernel.cudafe1.cpp
         tmpxft_000004d0_00000000-11_kernel.ii
       ManifestResourceCompile:
         C:\Program Files (x86)\Microsoft SDKs\Windows\v7.0A\bin\rc.exe /nologo /fo"Debug\summer_project2.exe.embed.manifest.res" Debug\summer_project2_manifest.rc 
       Link:
         C:\Program Files (x86)\Microsoft Visual Studio 10.0\VC\bin\link.exe /ERRORREPORT:PROMPT /OUT:"C:\Users\Josh\Desktop\fourth copy\Debug\summer_project2.exe" /INCREMENTAL /NOLOGO /LIBPATH:"C:\Program Files\NVIDIA GPU Computing Toolkit\CUDA\v4.1\lib\Win32" cudart.lib kernel32.lib user32.lib gdi32.lib winspool.lib comdlg32.lib advapi32.lib shell32.lib ole32.lib oleaut32.lib uuid.lib odbc32.lib odbccp32.lib kernel32.lib user32.lib gdi32.lib winspool.lib comdlg32.lib advapi32.lib shell32.lib ole32.lib oleaut32.lib uuid.lib odbc32.lib odbccp32.lib /MANIFEST /ManifestFile:"Debug\summer_project2.exe.intermediate.manifest" /MANIFESTUAC:"level='asInvoker' uiAccess='false'" /DEBUG /PDB:"C:\Users\Josh\Desktop\fourth copy\Debug\summer_project2.pdb" /SUBSYSTEM:CONSOLE /TLBID:1 /DYNAMICBASE /NXCOMPAT /IMPLIB:"C:\Users\Josh\Desktop\fourth copy\Debug\summer_project2.lib" /MACHINE:X86 Debug\kernel.cu.obj
         Debug\summer_project2.exe.embed.manifest.res
       Manifest:
         Deleting file "Debug\summer_project2.exe.embed.manifest".
         C:\Program Files (x86)\Microsoft SDKs\Windows\v7.0A\bin\mt.exe /nologo /verbose /out:"Debug\summer_project2.exe.embed.manifest" /manifest Debug\summer_project2.exe.intermediate.manifest
         C:\Program Files (x86)\Microsoft SDKs\Windows\v7.0A\bin\rc.exe /nologo /fo"Debug\summer_project2.exe.embed.manifest.res" Debug\summer_project2_manifest.rc 
       LinkEmbedManifest:
         C:\Program Files (x86)\Microsoft Visual Studio 10.0\VC\bin\link.exe /ERRORREPORT:PROMPT /OUT:"C:\Users\Josh\Desktop\fourth copy\Debug\summer_project2.exe" /INCREMENTAL /NOLOGO /LIBPATH:"C:\Program Files\NVIDIA GPU Computing Toolkit\CUDA\v4.1\lib\Win32" cudart.lib kernel32.lib user32.lib gdi32.lib winspool.lib comdlg32.lib advapi32.lib shell32.lib ole32.lib oleaut32.lib uuid.lib odbc32.lib odbccp32.lib kernel32.lib user32.lib gdi32.lib winspool.lib comdlg32.lib advapi32.lib shell32.lib ole32.lib oleaut32.lib uuid.lib odbc32.lib odbccp32.lib /MANIFEST /ManifestFile:"Debug\summer_project2.exe.intermediate.manifest" /MANIFESTUAC:"level='asInvoker' uiAccess='false'" /DEBUG /PDB:"C:\Users\Josh\Desktop\fourth copy\Debug\summer_project2.pdb" /SUBSYSTEM:CONSOLE /TLBID:1 /DYNAMICBASE /NXCOMPAT /IMPLIB:"C:\Users\Josh\Desktop\fourth copy\Debug\summer_project2.lib" /MACHINE:X86 Debug\kernel.cu.obj
         Debug\summer_project2.exe.embed.manifest.res
         summer_project2.vcxproj -> C:\Users\Josh\Desktop\fourth copy\Debug\summer_project2.exe
       PostBuildEvent:
         echo copy "C:\Program Files\NVIDIA GPU Computing Toolkit\CUDA\v4.1\bin\cudart*.dll" "C:\Users\Josh\Desktop\fourth copy\Debug\"
         copy "C:\Program Files\NVIDIA GPU Computing Toolkit\CUDA\v4.1\bin\cudart*.dll" "C:\Users\Josh\Desktop\fourth copy\Debug\"
         :VCEnd
         copy "C:\Program Files\NVIDIA GPU Computing Toolkit\CUDA\v4.1\bin\cudart*.dll" "C:\Users\Josh\Desktop\fourth copy\Debug\"
         C:\Program Files\NVIDIA GPU Computing Toolkit\CUDA\v4.1\bin\cudart32_41_28.dll
         C:\Program Files\NVIDIA GPU Computing Toolkit\CUDA\v4.1\bin\cudart64_41_28.dll
                 2 file(s) copied.
       FinalizeBuildStatus:
         Deleting file "Debug\summer_project2.unsuccessfulbuild".
         Touching "Debug\summer_project2.lastbuildstate".
     1>Done Building Project "C:\Users\Josh\Desktop\fourth copy\summer_project2.vcxproj" (rebuild target(s)).

Build succeeded.

Time Elapsed 00:00:07.64
