Build started 31/08/2012 15:49:36.
     1>Project "C:\Users\Josh\Desktop\Joshua Kettlewell EPSRC 2012\fourth_copy\summer_project2.vcxproj" on node 2 (build target(s)).
     1>InitializeBuildStatus:
         Creating "Release\summer_project2.unsuccessfulbuild" because "AlwaysCreate" was specified.
       AddCudaCompileDeps:
       Skipping target "AddCudaCompileDeps" because all output files are up-to-date with respect to the input files.
       AddCudaCompilePropsDeps:
       Skipping target "AddCudaCompilePropsDeps" because all output files are up-to-date with respect to the input files.
       CudaBuild:
       Skipping target "CudaBuild" because all output files are up-to-date with respect to the input files.
       ManifestResourceCompile:
         All outputs are up-to-date.
       Link:
         All outputs are up-to-date.
       Manifest:
         All outputs are up-to-date.
       PostBuildEvent:
         echo copy "C:\Program Files\NVIDIA GPU Computing Toolkit\CUDA\v4.1\bin\cudart*.dll" "C:\Users\Josh\Desktop\Joshua Kettlewell EPSRC 2012\fourth_copy\Release\"
         copy "C:\Program Files\NVIDIA GPU Computing Toolkit\CUDA\v4.1\bin\cudart*.dll" "C:\Users\Josh\Desktop\Joshua Kettlewell EPSRC 2012\fourth_copy\Release\"
         :VCEnd
         copy "C:\Program Files\NVIDIA GPU Computing Toolkit\CUDA\v4.1\bin\cudart*.dll" "C:\Users\Josh\Desktop\Joshua Kettlewell EPSRC 2012\fourth_copy\Release\"
         C:\Program Files\NVIDIA GPU Computing Toolkit\CUDA\v4.1\bin\cudart32_41_28.dll
         C:\Program Files\NVIDIA GPU Computing Toolkit\CUDA\v4.1\bin\cudart64_41_28.dll
                 2 file(s) copied.
       FinalizeBuildStatus:
         Deleting file "Release\summer_project2.unsuccessfulbuild".
         Touching "Release\summer_project2.lastbuildstate".
     1>Done Building Project "C:\Users\Josh\Desktop\Joshua Kettlewell EPSRC 2012\fourth_copy\summer_project2.vcxproj" (build target(s)).

Build succeeded.

Time Elapsed 00:00:00.10
