Build started 24/08/2012 16:08:14.
     1>Project "C:\Users\Josh\Desktop\third copy\summer_project2.vcxproj" on node 2 (build target(s)).
     1>InitializeBuildStatus:
         Creating "Release\summer_project2.unsuccessfulbuild" because "AlwaysCreate" was specified.
       AddCudaCompileDeps:
         C:\Program Files (x86)\Microsoft Visual Studio 10.0\VC\bin\cl.exe /E /nologo /showIncludes /TP /D__CUDACC__ /I"C:\Program Files\NVIDIA GPU Computing Toolkit\CUDA\v4.1\bin" /I"C:\Program Files\NVIDIA GPU Computing Toolkit\CUDA\v4.1\include" /I. /FIcuda_runtime.h /c "C:\Users\Josh\Desktop\third copy\kernel.cu" 
       AddCudaCompilePropsDeps:
       Skipping target "AddCudaCompilePropsDeps" because all output files are up-to-date with respect to the input files.
       CudaBuild:
         Compiling CUDA source file kernel.cu...
         cmd.exe /C "C:\Users\Josh\AppData\Local\Temp\8119dfcdf46843fa86dfcadf13c1c1b2.cmd"
         "C:\Program Files\NVIDIA GPU Computing Toolkit\CUDA\v4.1\bin\nvcc.exe" -gencode=arch=compute_13,code=\"sm_13,compute_13\" --use-local-env --cl-version 2010 -ccbin "C:\Program Files (x86)\Microsoft Visual Studio 10.0\VC\bin"  -I"C:\Program Files\NVIDIA GPU Computing Toolkit\CUDA\v4.1\include"    --keep-dir "Release" -maxrregcount=0  --machine 32 --compile      -Xcompiler "/EHsc /nologo /Od /Zi  /MD " -o "Release\kernel.cu.obj" "C:\Users\Josh\Desktop\third copy\kernel.cu"
         
         C:\Users\Josh\Desktop\third copy>"C:\Program Files\NVIDIA GPU Computing Toolkit\CUDA\v4.1\bin\nvcc.exe" -gencode=arch=compute_13,code=\"sm_13,compute_13\" --use-local-env --cl-version 2010 -ccbin "C:\Program Files (x86)\Microsoft Visual Studio 10.0\VC\bin"  -I"C:\Program Files\NVIDIA GPU Computing Toolkit\CUDA\v4.1\include"    --keep-dir "Release" -maxrregcount=0  --machine 32 --compile      -Xcompiler "/EHsc /nologo /Od /Zi  /MD " -o "Release\kernel.cu.obj" "C:\Users\Josh\Desktop\third copy\kernel.cu" 
         kernel.cu
         tmpxft_00000ed8_00000000-0_kernel.cudafe1.gpu
         tmpxft_00000ed8_00000000-5_kernel.cudafe2.gpu
         kernel.cu
         tmpxft_00000ed8_00000000-0_kernel.cudafe1.cpp
         tmpxft_00000ed8_00000000-11_kernel.ii
       ManifestResourceCompile:
         All outputs are up-to-date.
       Link:
         C:\Program Files (x86)\Microsoft Visual Studio 10.0\VC\bin\link.exe /ERRORREPORT:PROMPT /OUT:"C:\Users\Josh\Desktop\third copy\Release\summer_project2.exe" /INCREMENTAL /NOLOGO /LIBPATH:"C:\Program Files\NVIDIA GPU Computing Toolkit\CUDA\v4.1\lib\Win32" cudart.lib kernel32.lib user32.lib gdi32.lib winspool.lib comdlg32.lib advapi32.lib shell32.lib ole32.lib oleaut32.lib uuid.lib odbc32.lib odbccp32.lib kernel32.lib user32.lib gdi32.lib winspool.lib comdlg32.lib advapi32.lib shell32.lib ole32.lib oleaut32.lib uuid.lib odbc32.lib odbccp32.lib /MANIFEST /ManifestFile:"Release\summer_project2.exe.intermediate.manifest" /MANIFESTUAC:"level='asInvoker' uiAccess='false'" /DEBUG /PDB:"C:\Users\Josh\Desktop\third copy\Release\summer_project2.pdb" /SUBSYSTEM:CONSOLE /OPT:REF /OPT:ICF /LTCG /TLBID:1 /DYNAMICBASE /NXCOMPAT /IMPLIB:"C:\Users\Josh\Desktop\third copy\Release\summer_project2.lib" /MACHINE:X86 Release\kernel.cu.obj
         Release\summer_project2.exe.embed.manifest.res
     1>LINK : warning LNK4075: ignoring '/INCREMENTAL' due to '/LTCG' specification
         LINK : /LTCG specified but no code generation required; remove /LTCG from the link command line to improve linker performance
       Manifest:
         C:\Program Files (x86)\Microsoft SDKs\Windows\v7.0A\bin\mt.exe /nologo /verbose /out:"Release\summer_project2.exe.embed.manifest" /manifest Release\summer_project2.exe.intermediate.manifest
         All outputs are up-to-date.
       LinkEmbedManifest:
         All outputs are up-to-date.
         summer_project2.vcxproj -> C:\Users\Josh\Desktop\third copy\Release\summer_project2.exe
       PostBuildEvent:
         echo copy "C:\Program Files\NVIDIA GPU Computing Toolkit\CUDA\v4.1\bin\cudart*.dll" "C:\Users\Josh\Desktop\third copy\Release\"
         copy "C:\Program Files\NVIDIA GPU Computing Toolkit\CUDA\v4.1\bin\cudart*.dll" "C:\Users\Josh\Desktop\third copy\Release\"
         :VCEnd
         copy "C:\Program Files\NVIDIA GPU Computing Toolkit\CUDA\v4.1\bin\cudart*.dll" "C:\Users\Josh\Desktop\third copy\Release\"
         C:\Program Files\NVIDIA GPU Computing Toolkit\CUDA\v4.1\bin\cudart32_41_28.dll
         C:\Program Files\NVIDIA GPU Computing Toolkit\CUDA\v4.1\bin\cudart64_41_28.dll
                 2 file(s) copied.
       FinalizeBuildStatus:
         Deleting file "Release\summer_project2.unsuccessfulbuild".
         Touching "Release\summer_project2.lastbuildstate".
     1>Done Building Project "C:\Users\Josh\Desktop\third copy\summer_project2.vcxproj" (build target(s)).

Build succeeded.

Time Elapsed 00:00:05.55
