C:\Users\Josh\Desktop\third copy\Release\kernel.cu.cache
C:\Users\Josh\Desktop\third copy\Release\kernel.cu.obj
C:\Users\Josh\Desktop\third copy\Release\link.command.1.tlog
C:\Users\Josh\Desktop\third copy\Release\link.read.1.tlog
C:\Users\Josh\Desktop\third copy\Release\link.write.1.tlog
C:\Users\Josh\Desktop\third copy\Release\link-cvtres.read.1.tlog
C:\Users\Josh\Desktop\third copy\Release\link-cvtres.write.1.tlog
C:\Users\Josh\Desktop\third copy\Release\mt.command.1.tlog
C:\Users\Josh\Desktop\third copy\Release\mt.read.1.tlog
C:\Users\Josh\Desktop\third copy\Release\mt.write.1.tlog
C:\Users\Josh\Desktop\third copy\Release\rc.command.1.tlog
C:\Users\Josh\Desktop\third copy\Release\rc.read.1.tlog
C:\Users\Josh\Desktop\third copy\Release\rc.write.1.tlog
C:\USERS\JOSH\DESKTOP\THIRD COPY\RELEASE\SUMMER_PROJECT2.EXE
C:\USERS\JOSH\DESKTOP\THIRD COPY\RELEASE\SUMMER_PROJECT2.EXE.EMBED.MANIFEST
C:\USERS\JOSH\DESKTOP\THIRD COPY\RELEASE\SUMMER_PROJECT2.EXE.EMBED.MANIFEST.RES
C:\USERS\JOSH\DESKTOP\THIRD COPY\RELEASE\SUMMER_PROJECT2.EXE.INTERMEDIATE.MANIFEST
C:\USERS\JOSH\DESKTOP\THIRD COPY\RELEASE\SUMMER_PROJECT2.PDB
C:\Users\Josh\Desktop\third copy\Release\summer_project2_manifest.rc
E:\THIRD COPY\RELEASE\SUMMER_PROJECT2.EXE
E:\THIRD COPY\RELEASE\SUMMER_PROJECT2.EXE.EMBED.MANIFEST
E:\THIRD COPY\RELEASE\SUMMER_PROJECT2.EXE.EMBED.MANIFEST.RES
E:\THIRD COPY\RELEASE\SUMMER_PROJECT2.EXE.INTERMEDIATE.MANIFEST
E:\THIRD COPY\RELEASE\SUMMER_PROJECT2.PDB
