C:\USERS\JOSH KETTLEWELL\DESKTOP\SUMMER WORK\SECOND COPY\DEBUG\SUMMER_PROJECT2.EXE
C:\USERS\JOSH KETTLEWELL\DESKTOP\SUMMER WORK\SECOND COPY\DEBUG\SUMMER_PROJECT2.EXE.EMBED.MANIFEST
C:\USERS\JOSH KETTLEWELL\DESKTOP\SUMMER WORK\SECOND COPY\DEBUG\SUMMER_PROJECT2.EXE.EMBED.MANIFEST.RES
C:\USERS\JOSH KETTLEWELL\DESKTOP\SUMMER WORK\SECOND COPY\DEBUG\SUMMER_PROJECT2.EXE.INTERMEDIATE.MANIFEST
C:\USERS\JOSH KETTLEWELL\DESKTOP\SUMMER WORK\SECOND COPY\DEBUG\SUMMER_PROJECT2.ILK
C:\USERS\JOSH KETTLEWELL\DESKTOP\SUMMER WORK\SECOND COPY\DEBUG\SUMMER_PROJECT2.PDB
E:\SECOND COPY\DEBUG\SUMMER_PROJECT2.EXE
E:\SECOND COPY\DEBUG\SUMMER_PROJECT2.EXE.EMBED.MANIFEST
E:\SECOND COPY\DEBUG\SUMMER_PROJECT2.EXE.EMBED.MANIFEST.RES
E:\SECOND COPY\DEBUG\SUMMER_PROJECT2.EXE.INTERMEDIATE.MANIFEST
E:\SECOND COPY\DEBUG\SUMMER_PROJECT2.ILK
E:\SECOND COPY\DEBUG\SUMMER_PROJECT2.PDB
E:\third copy\Debug\cudafiles_2.cu.cache
E:\third copy\Debug\cudafiles_2.cu.obj
E:\third copy\Debug\diffusion.cuh.cache
E:\third copy\Debug\kernel.cu.cache
E:\third copy\Debug\kernel.cu.obj
E:\third copy\Debug\link.1820.read.1.tlog
E:\third copy\Debug\link.1820.write.1.tlog
E:\third copy\Debug\link.1820-cvtres.read.1.tlog
E:\third copy\Debug\link.1820-cvtres.write.1.tlog
E:\third copy\Debug\link.2684.read.1.tlog
E:\third copy\Debug\link.2684.write.1.tlog
E:\third copy\Debug\link.2684-cvtres.read.1.tlog
E:\third copy\Debug\link.2684-cvtres.write.1.tlog
E:\third copy\Debug\link.command.1.tlog
E:\third copy\Debug\link.read.1.tlog
E:\third copy\Debug\link.write.1.tlog
E:\third copy\Debug\link-cvtres.read.1.tlog
E:\third copy\Debug\link-cvtres.write.1.tlog
E:\third copy\Debug\mt.command.1.tlog
E:\third copy\Debug\mt.read.1.tlog
E:\third copy\Debug\mt.write.1.tlog
E:\third copy\Debug\rc.command.1.tlog
E:\third copy\Debug\rc.read.1.tlog
E:\third copy\Debug\rc.write.1.tlog
E:\THIRD COPY\DEBUG\SUMMER_PROJECT2.EXE
E:\THIRD COPY\DEBUG\SUMMER_PROJECT2.EXE.EMBED.MANIFEST
E:\THIRD COPY\DEBUG\SUMMER_PROJECT2.EXE.EMBED.MANIFEST.RES
E:\THIRD COPY\DEBUG\SUMMER_PROJECT2.EXE.INTERMEDIATE.MANIFEST
E:\THIRD COPY\DEBUG\SUMMER_PROJECT2.ILK
E:\THIRD COPY\DEBUG\SUMMER_PROJECT2.PDB
E:\third copy\Debug\summer_project2_manifest.rc
